2025-01-05 15:21:33,740 - INFO - Starting decryption attempts with header-based keys...
2025-01-05 15:21:33,740 - INFO - 
Testing database: /home/ubuntu/attachments/KeyValue.db
2025-01-05 15:21:33,740 - INFO - 
Testing decryption of /home/ubuntu/attachments/KeyValue.db
2025-01-05 15:21:33,740 - INFO - 
=== Testing key candidate: 8541671c1a2395cd690ae0b1781119b3 ===
2025-01-05 15:21:33,740 - INFO - 
Testing promising key variation: 8541671c1a2395cd690ae0b1781119b3
2025-01-05 15:21:34,530 - INFO - 
Testing promising key variation: 8541671c1a2395cd690ae0b1781119b3
2025-01-05 15:21:34,927 - INFO - 
Testing promising key variation: 8541671C1A2395CD690AE0B1781119B3
2025-01-05 15:21:35,318 - INFO - 
Testing promising key variation: 8541671c1a2395cd690ae0b1781119b3
2025-01-05 15:21:35,712 - INFO - 
=== Testing derived key: mme79382b1a59f5ac4 ===
2025-01-05 15:21:35,713 - INFO - 
Testing promising key variation: mme79382b1a59f5ac4
2025-01-05 15:21:36,510 - INFO - 
Testing promising key variation: mme79382b1a59f5ac4
2025-01-05 15:21:36,905 - INFO - 
Testing promising key variation: MME79382B1A59F5AC4
2025-01-05 15:21:37,312 - INFO - 
Testing promising key variation: mme79382b1a59f5ac4
2025-01-05 15:21:37,721 - INFO - 
=== Testing derived key: 302ac80f7c62b7bca896a0f83c1ccc647586fbfa2398a97b5e49eea0ccdc38fa ===
2025-01-05 15:21:39,721 - INFO - 
=== Testing derived key: mm8541671c1a2395cd ===
2025-01-05 15:21:39,722 - INFO - 
Testing promising key variation: mm8541671c1a2395cd
2025-01-05 15:21:40,519 - INFO - 
Testing promising key variation: mm8541671c1a2395cd
2025-01-05 15:21:40,922 - INFO - 
Testing promising key variation: MM8541671C1A2395CD
2025-01-05 15:21:41,329 - INFO - 
Testing promising key variation: mm8541671c1a2395cd
2025-01-05 15:21:41,728 - INFO - 
=== Testing derived key: c642f223ae281c3ae7048d9b23e7c4b3fd73c54133dc0440bcee45a2a5c38e5b ===
2025-01-05 15:21:43,730 - INFO - 
=== Testing derived key: d5ab3c106ebf57f07b68fc34f16f5e41ba824a4dcb49324c3af0e59db3bae639 ===
2025-01-05 15:21:45,712 - INFO - 
=== Testing derived key: 0a09eed05da4514f69285f11af226af3bbc606648242e0b50bfbf390c31506aa ===
2025-01-05 15:21:47,710 - INFO - 
=== Testing derived key: b194e8219fd4f88c5454388b6b7cadab356801c9ea8d920df943f2e5607bee05 ===
2025-01-05 15:21:49,759 - INFO - 
=== Testing derived key: 9cdfa93a718ad7eadbda435be3595263bd2adaa4cc717bc0032759d46ea042d6 ===
2025-01-05 15:21:51,782 - INFO - 
=== Testing derived key: 9c13d46852c4b3e5111bce0ac4c85d605f2ec1c420308e612da5392b7970a520 ===
2025-01-05 15:21:53,794 - INFO - 
=== Testing derived key: 8b2afcd6d048fdf56abe10e5595200ed746038d18f6b4be3f92f80db89ffa17d ===
2025-01-05 15:21:55,802 - INFO - 
=== Testing derived key: 6f41f7470fa61165cf405ce2467238dec328d7ed2bcff6882df0a53778ab7c0f ===
2025-01-05 15:21:57,802 - INFO - 
=== Testing derived key: e6c83bc41a54c5e41f74b848f14395dbad41826db3fdb2aa1b6e5f9727ebfec1 ===
2025-01-05 15:21:59,825 - INFO - 
=== Testing derived key: f4135f1242bd8a7eb957b9fc5c0a87a9d171e99a0e29381f78a5b91027c3db52 ===
2025-01-05 15:22:01,855 - INFO - 
=== Testing derived key: 86a3ffec4389a673021cf4929cb2dd881f7940e363c6955e11fa1883393b148b ===
2025-01-05 15:22:03,874 - INFO - 
=== Testing derived key: wxwx ===
2025-01-05 15:22:03,874 - INFO - 
Testing promising key variation: wxwx
2025-01-05 15:22:04,676 - INFO - 
Testing promising key variation: wxwx
2025-01-05 15:22:05,081 - INFO - 
Testing promising key variation: WXWX
2025-01-05 15:22:05,475 - INFO - 
Testing promising key variation: wxwx
2025-01-05 15:22:05,880 - INFO - 
=== Testing derived key: mmwx ===
2025-01-05 15:22:05,880 - INFO - 
Testing promising key variation: mmwx
2025-01-05 15:22:06,691 - INFO - 
Testing promising key variation: mmwx
2025-01-05 15:22:07,108 - INFO - 
Testing promising key variation: MMWX
2025-01-05 15:22:07,521 - INFO - 
Testing promising key variation: mmwx
2025-01-05 15:22:07,929 - INFO - 
=== Testing derived key: 12da0ed20582e1455e672bb61eeade8f66e8bd6cebb0ee58822d15b71afe3723 ===
2025-01-05 15:22:09,953 - INFO - 
=== Testing derived key: 67300d5d9693187802c891f02f2d33bd94f032d8dc824aa0f4445759236122f9 ===
2025-01-05 15:22:12,007 - INFO - 
=== Testing derived key: mmWX ===
2025-01-05 15:22:12,007 - INFO - 
Testing promising key variation: mmWX
2025-01-05 15:22:12,824 - INFO - 
Testing promising key variation: mmwx
2025-01-05 15:22:13,223 - INFO - 
Testing promising key variation: MMWX
2025-01-05 15:22:13,632 - INFO - 
Testing promising key variation: mmWX
2025-01-05 15:22:14,045 - INFO - 
=== Testing derived key: 05b6aaa5f9a09193833c73e0e9c33fc89439171348b7825d196bbd424f3dfaf1 ===
2025-01-05 15:22:16,122 - INFO - 
=== Testing derived key: 9769e22d32c7d9aeb508c25e01293b4f449d396f693e611cabce9477415a4387 ===
2025-01-05 15:22:18,177 - INFO - 
=== Testing derived key: wx7e77ed537a6b9352 ===
2025-01-05 15:22:18,178 - INFO - 
Testing promising key variation: wx7e77ed537a6b9352
2025-01-05 15:22:18,981 - INFO - 
Testing promising key variation: wx7e77ed537a6b9352
2025-01-05 15:22:19,386 - INFO - 
Testing promising key variation: WX7E77ED537A6B9352
2025-01-05 15:22:19,790 - INFO - 
Testing promising key variation: wx7e77ed537a6b9352
2025-01-05 15:22:20,190 - INFO - 
=== Testing derived key: f1244d86bc8a083a12484052fbb3f270b91097fc75f873e72c97458e2b55c470 ===
2025-01-05 15:22:22,255 - INFO - 
=== Testing derived key: 0f9383c573f6cea4e820dc5c9a97a86dcf0bc2ebf314172031b5d45f5e27cf5a ===
2025-01-05 15:22:24,306 - INFO - 
=== Testing derived key: mm_8541671c1a2395cd690ae0b1781119b3 ===
2025-01-05 15:22:24,307 - INFO - 
Testing promising key variation: mm_8541671c1a2395cd690ae0b1781119b3
2025-01-05 15:22:25,122 - INFO - 
Testing promising key variation: mm_8541671c1a2395cd690ae0b1781119b3
2025-01-05 15:22:25,532 - INFO - 
Testing promising key variation: MM_8541671C1A2395CD690AE0B1781119B3
2025-01-05 15:22:25,954 - INFO - 
Testing promising key variation: mm_8541671c1a2395cd690ae0b1781119b3
2025-01-05 15:22:26,356 - INFO - 
=== Testing derived key: f5ccd4357c13601a221a82b1c3d6e345e63e42557506204d1f275670eee27918 ===
2025-01-05 15:22:28,395 - INFO - 
=== Testing derived key: 359ab2bb8e78761d965056782459991f4a3360a586220a41997e4790fcf08e49 ===
2025-01-05 15:22:30,463 - INFO - 
=== Testing derived key: 9d0f4a7633cf5af22962dac46200e8180946f8754e31c6b54c82f8c22afa426b ===
2025-01-05 15:22:32,491 - INFO - 
=== Testing derived key: wx53f5c7c56b6c98c9 ===
2025-01-05 15:22:32,491 - INFO - 
Testing promising key variation: wx53f5c7c56b6c98c9
2025-01-05 15:22:33,294 - INFO - 
Testing promising key variation: wx53f5c7c56b6c98c9
2025-01-05 15:22:33,695 - INFO - 
Testing promising key variation: WX53F5C7C56B6C98C9
2025-01-05 15:22:34,094 - INFO - 
Testing promising key variation: wx53f5c7c56b6c98c9
2025-01-05 15:22:34,492 - INFO - 
=== Testing derived key: 3adb6789c584ea5e16a10176bb9d8016df1e6fde257daa3a0aa0fa50b1473772 ===
2025-01-05 15:22:36,509 - INFO - 
=== Testing derived key: 904438c0392d10862d0ceef350ba74aa31c4d9dd1e5b0ede63cda6800d1135a1 ===
2025-01-05 15:22:38,550 - INFO - 
=== Testing derived key: c8e9603b5a9bbc89e290cdf7b73ec19cf6d5a8aff4ea246b2fa1a0bf91c3e510 ===
2025-01-05 15:22:40,574 - INFO - 
=== Testing derived key: mm53f5c7c56b6c98c9 ===
2025-01-05 15:22:40,574 - INFO - 
Testing promising key variation: mm53f5c7c56b6c98c9
2025-01-05 15:22:41,397 - INFO - 
Testing promising key variation: mm53f5c7c56b6c98c9
2025-01-05 15:22:41,815 - INFO - 
Testing promising key variation: MM53F5C7C56B6C98C9
2025-01-05 15:22:42,230 - INFO - 
Testing promising key variation: mm53f5c7c56b6c98c9
2025-01-05 15:22:42,645 - INFO - 
=== Testing derived key: 1e2cf914562709084cfc732fa6ab58b228eada0df40b6464230ee67310c30c08 ===
2025-01-05 15:22:44,736 - INFO - 
=== Testing derived key: mmMM ===
2025-01-05 15:22:44,736 - INFO - 
Testing promising key variation: mmMM
2025-01-05 15:22:45,557 - INFO - 
Testing promising key variation: mmmm
2025-01-05 15:22:45,961 - INFO - 
Testing promising key variation: MMMM
2025-01-05 15:22:46,359 - INFO - 
Testing promising key variation: mmMM
2025-01-05 15:22:46,764 - INFO - 
=== Testing derived key: wxWeChat ===
2025-01-05 15:22:46,764 - INFO - 
Testing promising key variation: wxWeChat
2025-01-05 15:22:47,569 - INFO - 
Testing promising key variation: wxwechat
2025-01-05 15:22:47,977 - INFO - 
Testing promising key variation: WXWECHAT
2025-01-05 15:22:48,373 - INFO - 
Testing promising key variation: wxWeChat
2025-01-05 15:22:48,773 - INFO - 
=== Testing derived key: 440d3146b304596c1d4a608e37a1e6a28fb4dadc4c06c2226b36520471171b23 ===
2025-01-05 15:22:50,822 - INFO - 
=== Testing derived key: 6c46de41fc386e36afe890b448785bcb ===
2025-01-05 15:22:52,884 - INFO - 
=== Testing derived key: 65865ffb1f3d0bf68a7aef67cc76de07a40e5dbb63f2d02192555301db64e2c3 ===
2025-01-05 15:22:54,939 - INFO - 
=== Testing derived key: 1cee36a71169ca0541af3d515af01ce939123c9794776fd1ee1937047ae1f597 ===
2025-01-05 15:22:56,980 - INFO - 
=== Testing derived key: wx8541671c1a2395cd ===
2025-01-05 15:22:56,980 - INFO - 
Testing promising key variation: wx8541671c1a2395cd
2025-01-05 15:22:57,800 - INFO - 
Testing promising key variation: wx8541671c1a2395cd
2025-01-05 15:22:58,214 - INFO - 
Testing promising key variation: WX8541671C1A2395CD
2025-01-05 15:22:58,629 - INFO - 
Testing promising key variation: wx8541671c1a2395cd
2025-01-05 15:22:59,044 - INFO - 
=== Testing derived key: 85af10cd82d2815af21293d358fcfcfe50c79b3233a3f7966bed3b1df345351a ===
2025-01-05 15:23:01,069 - INFO - 
=== Testing derived key: acc50bf8c367a710c07dca91c2e5afc39e7860447d648866ebae759699f90ef0 ===
2025-01-05 15:23:03,101 - INFO - 
=== Testing derived key: af2b0118785dbdadeb83804fd83466924a92a92f1bd7683e8c7da451e3f46076 ===
2025-01-05 15:23:05,124 - INFO - 
=== Testing derived key: 05996b613be8a2a4c415dd058ed92a5331739e003d8d9dc3111c86effca55861 ===
2025-01-05 15:23:07,201 - INFO - 
=== Testing derived key: 690ae0b1781119b3 ===
2025-01-05 15:23:09,310 - INFO - 
=== Testing derived key: wxwechat ===
2025-01-05 15:23:09,310 - INFO - 
Testing promising key variation: wxwechat
2025-01-05 15:23:10,130 - INFO - 
Testing promising key variation: wxwechat
2025-01-05 15:23:10,534 - INFO - 
Testing promising key variation: WXWECHAT
2025-01-05 15:23:10,943 - INFO - 
Testing promising key variation: wxwechat
2025-01-05 15:23:11,360 - INFO - 
=== Testing derived key: mmwechat ===
2025-01-05 15:23:11,360 - INFO - 
Testing promising key variation: mmwechat
2025-01-05 15:23:12,196 - INFO - 
Testing promising key variation: mmwechat
2025-01-05 15:23:12,615 - INFO - 
Testing promising key variation: MMWECHAT
2025-01-05 15:23:13,027 - INFO - 
Testing promising key variation: mmwechat
2025-01-05 15:23:13,435 - INFO - 
=== Testing derived key: a54f331e9e3af7f65dbdefdc8c9b2b1ed78a62173c156c89db5533677f84e12f ===
2025-01-05 15:23:15,466 - INFO - 
=== Testing derived key: 8541671c1a2395cd ===
2025-01-05 15:23:15,466 - INFO - 
Testing promising key variation: 8541671c1a2395cd
2025-01-05 15:23:16,266 - INFO - 
Testing promising key variation: 8541671c1a2395cd
2025-01-05 15:23:16,669 - INFO - 
Testing promising key variation: 8541671C1A2395CD
2025-01-05 15:23:17,090 - INFO - 
Testing promising key variation: 8541671c1a2395cd
2025-01-05 15:23:17,500 - INFO - 
=== Testing derived key: chat_8541671c1a2395cd690ae0b1781119b3 ===
2025-01-05 15:23:17,500 - INFO - 
Testing promising key variation: chat_8541671c1a2395cd690ae0b1781119b3
2025-01-05 15:23:18,332 - INFO - 
Testing promising key variation: chat_8541671c1a2395cd690ae0b1781119b3
2025-01-05 15:23:18,739 - INFO - 
Testing promising key variation: CHAT_8541671C1A2395CD690AE0B1781119B3
2025-01-05 15:23:19,143 - INFO - 
Testing promising key variation: chat_8541671c1a2395cd690ae0b1781119b3
2025-01-05 15:23:19,546 - INFO - 
=== Testing derived key: wxe79382b1a59f5ac4 ===
2025-01-05 15:23:19,546 - INFO - 
Testing promising key variation: wxe79382b1a59f5ac4
2025-01-05 15:23:20,359 - INFO - 
Testing promising key variation: wxe79382b1a59f5ac4
2025-01-05 15:23:20,763 - INFO - 
Testing promising key variation: WXE79382B1A59F5AC4
2025-01-05 15:23:21,176 - INFO - 
Testing promising key variation: wxe79382b1a59f5ac4
2025-01-05 15:23:21,577 - INFO - 
=== Testing derived key: wxWX ===
2025-01-05 15:23:21,577 - INFO - 
Testing promising key variation: wxWX
2025-01-05 15:23:22,392 - INFO - 
Testing promising key variation: wxwx
2025-01-05 15:23:22,801 - INFO - 
Testing promising key variation: WXWX
2025-01-05 15:23:23,209 - INFO - 
Testing promising key variation: wxWX
2025-01-05 15:23:23,620 - INFO - 
=== Testing derived key: 6557a65528942feef484da0256264421b61d5021e1f809e515ad3d26d95c2b70 ===
2025-01-05 15:23:25,657 - INFO - 
=== Testing derived key: bf3776b098e991cd9f6dbec5df7360d29c65c567e47572cd81152e42fbf21a2b ===
2025-01-05 15:23:27,744 - INFO - 
=== Testing derived key: be0a5c8dc5af484063d6693988e0bab49c39828444e470b04639db4a8b5e632a ===
2025-01-05 15:23:29,786 - INFO - 
=== Testing derived key: 941f2d7a245a944a62848d3a4e42b067012905f58b632117e1eb8d0a1d04a3de ===
2025-01-05 15:23:31,823 - INFO - 
=== Testing derived key: wx_8541671c1a2395cd690ae0b1781119b3 ===
2025-01-05 15:23:31,823 - INFO - 
Testing promising key variation: wx_8541671c1a2395cd690ae0b1781119b3
2025-01-05 15:23:32,646 - INFO - 
Testing promising key variation: wx_8541671c1a2395cd690ae0b1781119b3
2025-01-05 15:23:33,061 - INFO - 
Testing promising key variation: WX_8541671C1A2395CD690AE0B1781119B3
2025-01-05 15:23:33,468 - INFO - 
Testing promising key variation: wx_8541671c1a2395cd690ae0b1781119b3
2025-01-05 15:23:33,881 - INFO - 
=== Testing derived key: mm7e77ed537a6b9352 ===
2025-01-05 15:23:33,881 - INFO - 
Testing promising key variation: mm7e77ed537a6b9352
2025-01-05 15:23:34,699 - INFO - 
Testing promising key variation: mm7e77ed537a6b9352
2025-01-05 15:23:35,100 - INFO - 
Testing promising key variation: MM7E77ED537A6B9352
2025-01-05 15:23:35,499 - INFO - 
Testing promising key variation: mm7e77ed537a6b9352
2025-01-05 15:23:35,911 - INFO - 
=== Testing derived key: 1cf817b957035668248f00ed6b3503de55e640c957a932104d343a9bdf8a4e79 ===
2025-01-05 15:23:37,976 - INFO - 
=== Testing derived key: 690ae0b1781119b38541671c1a2395cd ===
2025-01-05 15:23:37,976 - INFO - 
Testing promising key variation: 690ae0b1781119b38541671c1a2395cd
2025-01-05 15:23:38,813 - INFO - 
Testing promising key variation: 690ae0b1781119b38541671c1a2395cd
2025-01-05 15:23:39,221 - INFO - 
Testing promising key variation: 690AE0B1781119B38541671C1A2395CD
2025-01-05 15:23:39,632 - INFO - 
Testing promising key variation: 690ae0b1781119b38541671c1a2395cd
2025-01-05 15:23:40,048 - INFO - 
=== Testing derived key: b6a11f7fea429daf780fd6c2787b7ceb53d03e25499ebd8c029e36a8c6a32744 ===
2025-01-05 15:23:42,069 - INFO - 
=== Testing derived key: mmWeChat ===
2025-01-05 15:23:42,069 - INFO - 
Testing promising key variation: mmWeChat
2025-01-05 15:23:42,889 - INFO - 
Testing promising key variation: mmwechat
2025-01-05 15:23:43,289 - INFO - 
Testing promising key variation: MMWECHAT
2025-01-05 15:23:43,704 - INFO - 
Testing promising key variation: mmWeChat
2025-01-05 15:23:44,110 - INFO - 
=== Testing derived key: wxmm ===
2025-01-05 15:23:44,111 - INFO - 
Testing promising key variation: wxmm
2025-01-05 15:23:44,937 - INFO - 
Testing promising key variation: wxmm
